<?xml version="1.0" encoding="UTF-8"?>
<!-- Generated by org.testng.reporters.JUnitReportReporter -->
<testsuite skipped="0" hostname="IVC17-046" name="com.orwrites.testcases.TC003_Post_Employee_Record" tests="6" failures="0" timestamp="27 Jun 2021 12:34:19 GMT" time="0.005" errors="0">
  <testcase name="checkcontentEncoding" time="0.001" classname="com.orwrites.testcases.TC003_Post_Employee_Record"/>
  <testcase name="checkStatusCode" time="0.001" classname="com.orwrites.testcases.TC003_Post_Employee_Record"/>
  <testcase name="checkserverType" time="0.001" classname="com.orwrites.testcases.TC003_Post_Employee_Record"/>
  <testcase name="checkstatusLine" time="0.001" classname="com.orwrites.testcases.TC003_Post_Employee_Record"/>
  <testcase name="checkResposeBody" time="0.001" classname="com.orwrites.testcases.TC003_Post_Employee_Record"/>
  <testcase name="checkContentType" time="0.000" classname="com.orwrites.testcases.TC003_Post_Employee_Record"/>
</testsuite> <!-- com.orwrites.testcases.TC003_Post_Employee_Record -->
