<?xml version="1.0" encoding="UTF-8"?>
<!-- Generated by org.testng.reporters.JUnitReportReporter -->
<testsuite skipped="0" hostname="IVC17-046" name="com.orwrites.testcases.Temp_Post_Req" tests="1" failures="0" timestamp="27 Jun 2021 12:34:19 GMT" time="0.387" errors="0">
  <testcase name="RegistrationSuccessful" time="0.387" classname="com.orwrites.testcases.Temp_Post_Req"/>
</testsuite> <!-- com.orwrites.testcases.Temp_Post_Req -->
