<?xml version="1.0" encoding="UTF-8"?>
<!-- Generated by org.testng.reporters.JUnitReportReporter -->
<testsuite skipped="0" hostname="IVC17-046" name="com.orwrites.testcases.TC003_Get_Request_GoogleMapAllGeaders" tests="1" failures="0" timestamp="27 Jun 2021 12:34:19 GMT" time="0.189" errors="0">
  <testcase name="googleMapTest" time="0.189" classname="com.orwrites.testcases.TC003_Get_Request_GoogleMapAllGeaders"/>
</testsuite> <!-- com.orwrites.testcases.TC003_Get_Request_GoogleMapAllGeaders -->
