<?xml version="1.0" encoding="UTF-8"?>
<!-- Generated by org.testng.reporters.JUnitReportReporter -->
<testsuite skipped="0" hostname="IVC17-046" name="com.orwrites.testcases.TC001_Get_Request" tests="1" failures="0" timestamp="27 Jun 2021 12:34:19 GMT" time="0.141" errors="0">
  <testcase name="getPersonDetails" time="0.141" classname="com.orwrites.testcases.TC001_Get_Request"/>
</testsuite> <!-- com.orwrites.testcases.TC001_Get_Request -->
