<?xml version="1.0" encoding="UTF-8"?>
<!-- Generated by org.testng.reporters.JUnitReportReporter -->
<testsuite skipped="0" hostname="IVC17-046" name="com.orwrites.testcases.TC006_Get_Request_Autherization" tests="1" failures="0" timestamp="27 Jun 2021 12:34:19 GMT" time="0.134" errors="0">
  <testcase name="auth" time="0.134" classname="com.orwrites.testcases.TC006_Get_Request_Autherization"/>
</testsuite> <!-- com.orwrites.testcases.TC006_Get_Request_Autherization -->
