<?xml version="1.0" encoding="UTF-8"?>
<!-- Generated by org.testng.reporters.JUnitReportReporter -->
<testsuite skipped="0" hostname="IVC17-046" name="com.emp.testcases.TC003_Post_Emp_Info" tests="6" failures="0" timestamp="27 Jun 2021 11:00:45 GMT" time="0.026" errors="0">
  <testcase name="checkResposeBody" time="0.011" classname="com.emp.testcases.TC003_Post_Emp_Info"/>
  <testcase name="checkserverType" time="0.002" classname="com.emp.testcases.TC003_Post_Emp_Info"/>
  <testcase name="checkcontentEncoding" time="0.001" classname="com.emp.testcases.TC003_Post_Emp_Info"/>
  <testcase name="checkContentType" time="0.010" classname="com.emp.testcases.TC003_Post_Emp_Info"/>
  <testcase name="checkStatusCode" time="0.001" classname="com.emp.testcases.TC003_Post_Emp_Info"/>
  <testcase name="checkstatusLine" time="0.001" classname="com.emp.testcases.TC003_Post_Emp_Info"/>
</testsuite> <!-- com.emp.testcases.TC003_Post_Emp_Info -->
