<?xml version="1.0" encoding="UTF-8"?>
<!-- Generated by org.testng.reporters.JUnitReportReporter -->
<testsuite skipped="0" hostname="IVC17-046" name="com.orwrites.testcases.TC003_Get_Request_GoogleMap" tests="1" failures="0" timestamp="26 Jun 2021 16:52:31 GMT" time="1.826" errors="0">
  <testcase name="googleMapTest" time="1.826" classname="com.orwrites.testcases.TC003_Get_Request_GoogleMap"/>
</testsuite> <!-- com.orwrites.testcases.TC003_Get_Request_GoogleMap -->
