<?xml version="1.0" encoding="UTF-8"?>
<!-- Generated by org.testng.reporters.JUnitReportReporter -->
<testsuite skipped="0" hostname="IVC17-046" name="com.emp.testcases.TC002_GetEmpInfo" tests="6" failures="0" timestamp="27 Jun 2021 12:34:19 GMT" time="0.003" errors="0">
  <testcase name="checkResponseTime" time="0.001" classname="com.emp.testcases.TC002_GetEmpInfo"/>
  <testcase name="checkContentType" time="0.000" classname="com.emp.testcases.TC002_GetEmpInfo"/>
  <testcase name="checkResponseBody" time="0.001" classname="com.emp.testcases.TC002_GetEmpInfo"/>
  <testcase name="checkServerType" time="0.000" classname="com.emp.testcases.TC002_GetEmpInfo"/>
  <testcase name="checkStatusCode" time="0.001" classname="com.emp.testcases.TC002_GetEmpInfo"/>
  <testcase name="statusLine" time="0.000" classname="com.emp.testcases.TC002_GetEmpInfo"/>
</testsuite> <!-- com.emp.testcases.TC002_GetEmpInfo -->
