<?xml version="1.0" encoding="UTF-8"?>
<!-- Generated by org.testng.reporters.JUnitReportReporter -->
<testsuite skipped="0" hostname="IVC17-046" name="com.emp.testcases.TC001_GetAllEmpInfo" tests="9" failures="0" timestamp="27 Jun 2021 12:38:20 GMT" time="0.023" errors="0">
  <testcase name="checkCookies" time="0.001" classname="com.emp.testcases.TC001_GetAllEmpInfo"/>
  <testcase name="checkServerType" time="0.000" classname="com.emp.testcases.TC001_GetAllEmpInfo"/>
  <testcase name="checkContentType" time="0.001" classname="com.emp.testcases.TC001_GetAllEmpInfo"/>
  <testcase name="checkResponseTime" time="0.001" classname="com.emp.testcases.TC001_GetAllEmpInfo"/>
  <testcase name="checkContentLength" time="0.001" classname="com.emp.testcases.TC001_GetAllEmpInfo"/>
  <testcase name="checkStatusCode" time="0.001" classname="com.emp.testcases.TC001_GetAllEmpInfo"/>
  <testcase name="checkResponseBody" time="0.014" classname="com.emp.testcases.TC001_GetAllEmpInfo"/>
  <testcase name="statusLine" time="0.001" classname="com.emp.testcases.TC001_GetAllEmpInfo"/>
  <testcase name="checkContentEncoding" time="0.003" classname="com.emp.testcases.TC001_GetAllEmpInfo"/>
</testsuite> <!-- com.emp.testcases.TC001_GetAllEmpInfo -->
