<?xml version="1.0" encoding="UTF-8"?>
<!-- Generated by org.testng.reporters.JUnitReportReporter -->
<testsuite skipped="0" hostname="IVC17-046" name="com.emp.testcases.TC004_PutEmpInfo" tests="6" failures="0" timestamp="27 Jun 2021 12:38:20 GMT" time="0.000" errors="0">
  <testcase name="checkcontentEncoding" time="0.000" classname="com.emp.testcases.TC004_PutEmpInfo"/>
  <testcase name="checkResposeBody" time="0.000" classname="com.emp.testcases.TC004_PutEmpInfo"/>
  <testcase name="checkstatusLine" time="0.000" classname="com.emp.testcases.TC004_PutEmpInfo"/>
  <testcase name="checkContentType" time="0.000" classname="com.emp.testcases.TC004_PutEmpInfo"/>
  <testcase name="checkStatusCode" time="0.000" classname="com.emp.testcases.TC004_PutEmpInfo"/>
  <testcase name="checkserverType" time="0.000" classname="com.emp.testcases.TC004_PutEmpInfo"/>
</testsuite> <!-- com.emp.testcases.TC004_PutEmpInfo -->
